<?xml version="1.0" encoding="UTF-8"?>
<!-- Generated by org.testng.reporters.JUnitXMLReporter -->
<testsuite ignored="0" hostname="DESKTOP-7LKO3LT" failures="0" tests="6" name="Default test" time="13.815" errors="0" timestamp="2024-11-25T08:41:18 IST">
  <testcase classname="Globallogistic.CareerPage" name="TopNavCareers1" time="2.804"/>
  <testcase classname="Globallogistic.CareerPage" name="CareersHeading" time="0.06"/>
  <testcase classname="Globallogistic.CareerPage" name="CareersIamge" time="0.054"/>
  <testcase classname="Globallogistic.CareerPage" name="CareersContain" time="0.094"/>
  <testcase classname="Globallogistic.CareerPage" name="FormHeading" time="0.047"/>
  <testcase classname="Globallogistic.CareerPage" name="FormFillup" time="2.763"/>
</testsuite> <!-- Default test -->
