<?xml version="1.0" encoding="UTF-8"?>
<testng-results ignored="0" total="6" passed="6" failed="0" skipped="0">
  <reporter-output>
  </reporter-output>
  <suite started-at="2024-11-25T08:41:04 IST" name="Default suite" finished-at="2024-11-25T08:41:18 IST" duration-ms="13815">
    <groups>
    </groups>
    <test started-at="2024-11-25T08:41:04 IST" name="Default test" finished-at="2024-11-25T08:41:18 IST" duration-ms="13815">
      <class name="Globallogistic.CareerPage">
        <test-method is-config="true" signature="Navigate()[pri:0, instance:Globallogistic.CareerPage@47a5b70d]" started-at="2024-11-25T08:41:04 IST" name="Navigate" finished-at="2024-11-25T08:41:12 IST" duration-ms="7871" status="PASS">
          <reporter-output>
          </reporter-output>
        </test-method> <!-- Navigate -->
        <test-method signature="TopNavCareers1()[pri:1, instance:Globallogistic.CareerPage@47a5b70d]" started-at="2024-11-25T08:41:12 IST" name="TopNavCareers1" finished-at="2024-11-25T08:41:15 IST" duration-ms="2804" status="PASS">
          <reporter-output>
          </reporter-output>
        </test-method> <!-- TopNavCareers1 -->
        <test-method signature="CareersHeading()[pri:2, instance:Globallogistic.CareerPage@47a5b70d]" started-at="2024-11-25T08:41:15 IST" name="CareersHeading" finished-at="2024-11-25T08:41:15 IST" duration-ms="60" status="PASS">
          <reporter-output>
          </reporter-output>
        </test-method> <!-- CareersHeading -->
        <test-method signature="CareersIamge()[pri:3, instance:Globallogistic.CareerPage@47a5b70d]" started-at="2024-11-25T08:41:15 IST" name="CareersIamge" finished-at="2024-11-25T08:41:15 IST" duration-ms="54" status="PASS">
          <reporter-output>
          </reporter-output>
        </test-method> <!-- CareersIamge -->
        <test-method signature="CareersContain()[pri:4, instance:Globallogistic.CareerPage@47a5b70d]" started-at="2024-11-25T08:41:15 IST" name="CareersContain" finished-at="2024-11-25T08:41:15 IST" duration-ms="94" status="PASS">
          <reporter-output>
          </reporter-output>
        </test-method> <!-- CareersContain -->
        <test-method signature="FormHeading()[pri:5, instance:Globallogistic.CareerPage@47a5b70d]" started-at="2024-11-25T08:41:15 IST" name="FormHeading" finished-at="2024-11-25T08:41:15 IST" duration-ms="47" status="PASS">
          <reporter-output>
          </reporter-output>
        </test-method> <!-- FormHeading -->
        <test-method signature="FormFillup()[pri:6, instance:Globallogistic.CareerPage@47a5b70d]" started-at="2024-11-25T08:41:15 IST" name="FormFillup" finished-at="2024-11-25T08:41:18 IST" duration-ms="2763" status="PASS">
          <reporter-output>
          </reporter-output>
        </test-method> <!-- FormFillup -->
      </class> <!-- Globallogistic.CareerPage -->
    </test> <!-- Default test -->
  </suite> <!-- Default suite -->
</testng-results>
